130506/154718.373, request, undefined: get / (30ms)
130506/154720.91, request, undefined: get /admin/config (7ms)
130506/154737.266, request, undefined: get /admin/rawedit (3ms)
130506/154737.333, request, undefined: get /admin/node_modules/codemirror/lib/codemirror.js (4ms)
130506/154737.335, request, undefined: get /admin/node_modules/codemirror/lib/codemirror.css (2ms)
130506/154737.337, request, undefined: get /admin/node_modules/codemirror/mode/javascript/javascript.js (1ms)
130506/154746.307, request, undefined: get /admin/rawedit (3ms)
130506/154746.367, request, undefined: get /admin/node_modules/codemirror/lib/codemirror.js (3ms)
130506/154746.368, request, undefined: get /admin/node_modules/codemirror/lib/codemirror.css (2ms)
130506/154746.371, request, undefined: get /admin/node_modules/codemirror/mode/javascript/javascript.js (1ms)
130506/154753.459, request, undefined: get /admin/rawedit (1ms)
130506/154753.519, request, undefined: get /admin/node_modules/codemirror/lib/codemirror.js (2ms)
130506/154753.519, request, undefined: get /admin/node_modules/codemirror/lib/codemirror.css (2ms)
130506/154753.521, request, undefined: get /admin/node_modules/codemirror/mode/javascript/javascript.js (1ms)
130506/154801.11, request, undefined: get /admin/rawedit (2ms)
130506/154801.70, request, undefined: get /admin/node_modules/codemirror/lib/codemirror.js (3ms)
130506/154801.71, request, undefined: get /admin/node_modules/codemirror/lib/codemirror.css (2ms)
130506/154801.74, request, undefined: get /admin/node_modules/codemirror/mode/javascript/javascript.js (1ms)
130506/154812.403, request, undefined: get /admin/rawedit (2ms)
130506/154812.472, request, undefined: get /admin/node_modules/codemirror/lib/codemirror.js (2ms)
130506/154812.473, request, undefined: get /admin/node_modules/codemirror/lib/codemirror.css (2ms)
130506/154812.475, request, undefined: get /admin/node_modules/codemirror/mode/javascript/javascript.js (2ms)
130506/154817.891, request, undefined: get /admin/rawedit (2ms)
130506/154817.959, request, undefined: get /admin/node_modules/codemirror/lib/codemirror.js (2ms)
130506/154817.961, request, undefined: get /admin/node_modules/codemirror/lib/codemirror.css (1ms)
130506/154817.962, request, undefined: get /admin/node_modules/codemirror/mode/javascript/javascript.js (1ms)
